{"level":"debug","ts":"2020-08-18 23:22:09","caller":"go_web_cli/main.go:36","msg":"logger init success..."}
{"level":"debug","ts":"2020-08-18 23:22:09","caller":"go_web_cli/main.go:43","msg":"mysql init success..."}
{"level":"debug","ts":"2020-08-18 23:22:09","caller":"go_web_cli/main.go:50","msg":"redis init success..."}
{"level":"debug","ts":"2020-08-18 23:22:09","caller":"go_web_cli/main.go:53","msg":"routers init success..."}
{"level":"info","ts":"2020-08-18 23:22:14","caller":"go_web_cli/main.go:75","msg":"Shutdown Server..."}
{"level":"info","ts":"2020-08-18 23:22:14","caller":"go_web_cli/main.go:83","msg":"Server exiting"}
{"level":"debug","ts":"2020-08-18 23:22:57","caller":"go_web_cli/main.go:36","msg":"logger init success..."}
{"level":"debug","ts":"2020-08-18 23:22:57","caller":"go_web_cli/main.go:43","msg":"mysql init success..."}
{"level":"debug","ts":"2020-08-18 23:22:57","caller":"go_web_cli/main.go:50","msg":"redis init success..."}
{"level":"debug","ts":"2020-08-18 23:22:57","caller":"go_web_cli/main.go:53","msg":"routers init success..."}
{"level":"info","ts":"2020-08-18 23:23:14","caller":"go_web_cli/main.go:75","msg":"Shutdown Server..."}
{"level":"info","ts":"2020-08-18 23:23:14","caller":"go_web_cli/main.go:83","msg":"Server exiting"}
{"level":"debug","ts":"2020-08-18 23:24:23","caller":"go_web_cli/main.go:36","msg":"logger init success..."}
{"level":"debug","ts":"2020-08-18 23:24:23","caller":"go_web_cli/main.go:43","msg":"mysql init success..."}
{"level":"debug","ts":"2020-08-18 23:24:23","caller":"go_web_cli/main.go:50","msg":"redis init success..."}
{"level":"debug","ts":"2020-08-18 23:24:23","caller":"go_web_cli/main.go:53","msg":"routers init success..."}
{"level":"info","ts":"2020-08-18 23:24:31","caller":"go_web_cli/main.go:75","msg":"Shutdown Server..."}
{"level":"info","ts":"2020-08-18 23:24:31","caller":"go_web_cli/main.go:84","msg":"Server exiting"}
{"level":"debug","ts":"2020-08-18 23:25:39","caller":"go_web_cli/main.go:36","msg":"logger init success..."}
{"level":"debug","ts":"2020-08-18 23:25:39","caller":"go_web_cli/main.go:43","msg":"mysql init success..."}
{"level":"debug","ts":"2020-08-18 23:25:39","caller":"go_web_cli/main.go:50","msg":"redis init success..."}
{"level":"debug","ts":"2020-08-18 23:25:39","caller":"go_web_cli/main.go:53","msg":"routers init success..."}
{"level":"info","ts":"2020-08-18 23:25:44","caller":"go_web_cli/main.go:75","msg":"Shutdown Server..."}
{"level":"info","ts":"2020-08-18 23:25:44","caller":"go_web_cli/main.go:84","msg":"Server exiting"}
